TN:
SF:src/detection-utils.js
FN:6,drawBox
FN:30,drawDot
FN:36,drawConnections
FN:51,drawFaceDetections
FN:64,classColor
FN:73,drawObjects
FN:100,drawPoses
FN:132,drawHands
FN:153,drawSegmentation
FN:153,createCanvas
FN:179,drawFaceMesh
FN:198,setStatus
FN:203,syncCanvasSize
FN:212,mapBlazeFacePred
FN:223,mapMediaPipeDet
FNF:15
FNH:14
FNDA:18,drawBox
FNDA:67,drawDot
FNDA:21,drawConnections
FNDA:9,drawFaceDetections
FNDA:13,classColor
FNDA:4,drawObjects
FNDA:4,drawPoses
FNDA:3,drawHands
FNDA:3,drawSegmentation
FNDA:0,createCanvas
FNDA:3,drawFaceMesh
FNDA:4,setStatus
FNDA:2,syncCanvasSize
FNDA:9,mapBlazeFacePred
FNDA:4,mapMediaPipeDet
DA:1,1
DA:2,1
DA:3,1
DA:4,1
DA:5,1
DA:6,1
DA:7,18
DA:8,18
DA:9,18
DA:10,18
DA:11,18
DA:12,18
DA:13,18
DA:14,18
DA:15,18
DA:16,72
DA:17,18
DA:18,18
DA:19,18
DA:20,14
DA:21,14
DA:22,14
DA:23,14
DA:24,14
DA:25,14
DA:26,14
DA:27,14
DA:28,18
DA:29,1
DA:30,1
DA:31,67
DA:32,67
DA:33,67
DA:34,1
DA:35,1
DA:36,1
DA:37,21
DA:38,21
DA:39,21
DA:40,21
DA:41,3
DA:42,3
DA:43,3
DA:44,3
DA:45,21
DA:46,21
DA:47,21
DA:48,1
DA:49,1
DA:50,1
DA:51,1
DA:52,9
DA:53,11
DA:54,7
DA:55,11
DA:56,9
DA:57,9
DA:58,9
DA:59,9
DA:60,1
DA:61,1
DA:62,1
DA:63,1
DA:64,1
DA:65,13
DA:66,5
DA:67,5
DA:68,5
DA:69,5
DA:70,13
DA:71,13
DA:72,1
DA:73,1
DA:74,4
DA:75,8
DA:76,8
DA:77,8
DA:78,8
DA:79,8
DA:80,8
DA:81,8
DA:82,8
DA:83,8
DA:84,8
DA:85,8
DA:86,4
DA:87,4
DA:88,4
DA:89,4
DA:90,1
DA:91,1
DA:92,1
DA:93,1
DA:94,1
DA:95,1
DA:96,1
DA:97,1
DA:98,1
DA:99,1
DA:100,1
DA:101,4
DA:102,5
DA:103,4
DA:104,64
DA:105,64
DA:106,0
DA:107,0
DA:108,0
DA:109,0
DA:110,0
DA:111,4
DA:112,4
DA:113,0
DA:114,0
DA:115,4
DA:116,4
DA:117,4
DA:118,4
DA:119,4
DA:120,1
DA:121,1
DA:122,1
DA:123,1
DA:124,1
DA:125,1
DA:126,1
DA:127,1
DA:128,1
DA:129,1
DA:130,1
DA:131,1
DA:132,1
DA:133,3
DA:134,3
DA:135,3
DA:136,69
DA:137,69
DA:138,69
DA:139,69
DA:140,3
DA:141,3
DA:142,3
DA:143,3
DA:144,3
DA:145,3
DA:146,3
DA:147,3
DA:148,3
DA:149,1
DA:150,1
DA:151,1
DA:152,1
DA:153,1
DA:154,3
DA:155,3
DA:156,1
DA:157,1
DA:158,1
DA:159,1
DA:160,3
DA:161,3
DA:162,3
DA:163,3
DA:164,12
DA:165,1
DA:166,1
DA:167,1
DA:168,1
DA:169,1
DA:170,1
DA:171,12
DA:172,3
DA:173,3
DA:174,3
DA:175,3
DA:176,1
DA:177,1
DA:178,1
DA:179,1
DA:180,3
DA:181,3
DA:182,3
DA:183,2
DA:184,3
DA:185,3
DA:186,3
DA:187,3
DA:188,3
DA:189,3
DA:190,3
DA:191,2
DA:192,2
DA:193,3
DA:194,3
DA:195,1
DA:196,1
DA:197,1
DA:198,1
DA:199,4
DA:200,4
DA:201,4
DA:202,1
DA:203,1
DA:204,2
DA:205,1
DA:206,1
DA:207,1
DA:208,2
DA:209,1
DA:210,1
DA:211,1
DA:212,1
DA:213,9
DA:214,9
DA:215,9
DA:216,9
DA:217,2
DA:218,2
DA:219,9
DA:220,9
DA:221,9
DA:222,1
DA:223,1
DA:224,4
DA:225,4
DA:226,4
DA:227,1
DA:228,1
DA:229,4
DA:230,4
DA:231,4
DA:232,4
DA:233,4
DA:234,4
DA:235,4
DA:236,4
DA:237,4
DA:238,4
LF:238
LH:231
BRDA:6,0,0,18
BRDA:19,1,0,14
BRDA:15,2,0,72
BRDA:30,3,0,67
BRDA:36,4,0,21
BRDA:40,5,0,3
BRDA:42,6,0,0
BRDA:51,7,0,9
BRDA:58,8,0,1
BRDA:58,9,0,8
BRDA:58,10,0,6
BRDA:58,11,0,2
BRDA:52,12,0,11
BRDA:53,13,0,9
BRDA:53,14,0,9
BRDA:53,15,0,8
BRDA:53,16,0,4
BRDA:53,17,0,7
BRDA:55,18,0,2
BRDA:55,19,0,1
BRDA:55,20,0,1
BRDA:64,21,0,13
BRDA:65,22,0,5
BRDA:67,23,0,20
BRDA:73,24,0,4
BRDA:88,25,0,1
BRDA:88,26,0,3
BRDA:88,27,0,1
BRDA:88,28,0,2
BRDA:74,29,0,8
BRDA:100,30,0,4
BRDA:118,31,0,1
BRDA:118,32,0,3
BRDA:118,33,0,2
BRDA:118,34,0,1
BRDA:101,35,0,5
BRDA:102,36,0,1
BRDA:102,37,0,4
BRDA:103,38,0,64
BRDA:105,39,0,0
BRDA:105,40,0,0
BRDA:105,41,0,0
BRDA:105,42,0,0
BRDA:117,43,0,5
BRDA:132,44,0,3
BRDA:147,45,0,1
BRDA:147,46,0,2
BRDA:147,47,0,1
BRDA:147,48,0,1
BRDA:133,49,0,3
BRDA:135,50,0,69
BRDA:137,51,0,0
BRDA:141,52,0,63
BRDA:153,53,0,3
BRDA:155,54,0,2
BRDA:155,55,0,2
BRDA:155,56,0,1
BRDA:163,57,0,12
BRDA:164,58,0,1
BRDA:174,59,0,1
BRDA:174,60,0,2
BRDA:179,61,0,3
BRDA:182,62,0,1
BRDA:182,63,0,2
BRDA:193,64,0,1
BRDA:193,65,0,1
BRDA:183,66,0,3
BRDA:198,67,0,4
BRDA:200,68,0,1
BRDA:200,69,0,3
BRDA:203,70,0,2
BRDA:204,71,0,1
BRDA:204,72,0,1
BRDA:212,73,0,9
BRDA:215,74,0,1
BRDA:215,75,0,8
BRDA:216,76,0,2
BRDA:220,77,0,8
BRDA:220,78,0,1
BRDA:216,79,0,2
BRDA:217,80,0,0
BRDA:218,81,0,0
BRDA:223,82,0,4
BRDA:225,83,0,3
BRDA:226,84,0,0
BRDA:235,85,0,3
BRDA:235,86,0,1
BRDA:226,87,0,1
BRF:88
BRH:79
end_of_record
